
Time: 2025-12-06T13:19:48.080Z
Message: invalid input syntax for type date: "03"
Details: null
Hint: null
Code: 22007
Data Sample: {
  "city": "하남시",
  "region": "경기도 하남시",
  "dong": "덕풍동",
  "complex": "",
  "lease_kind": "WOLSE",
  "contract_kind": "NEW",
  "area_m2": 0,
  "area_type": 0,
  "contract_date": "03",
  "period_key": "2001-03-W1",
  "deposit_manwon": 3,
  "deposit_uk": 0,
  "rent_manwon": 28,
  "floor": 5,
  "period_text": "2001년 3월 1주차",
  "contract_type_label": "신규",
  "renew_right_used": "",
  "raw_row": {
    "NO": 1,
    "시군구": "경기도 하남시 덕풍동",
    "번지": "821",
    "본번": "0821",
    "부번": "0000",
    "단지명": "하남풍산참아름",
    "전월세구분": "월세",
    "전용면적(㎡)": "49.5922",
    "계약년월": "202512",
    "계약일": "03",
    "보증금(만원)": "3,847",
    "월세금(만원)": "28",
    "층": "5",
    "건축년도": "2009",
    "도로명": "덕풍동로 60",
    "계약기간": "202601~202712",
    "계약구분": "갱신",
    "갱신요구권 사용": "-",
    "종전계약 보증금(만원)": "3,735",
    "종전계약 월세(만원)": "27",
    "주택유형": "아파트"
  }
}
----------------------------------------
